<?xml version="1.0" encoding="UTF-8"?>
<testsuite name="com.example.project.LinearCalculatorTest" tests="4" skipped="0" failures="0" errors="0" timestamp="2024-10-22T16:16:30" hostname="codespaces-b877d6" time="0.263">
  <properties/>
  <testcase name="testFindSymmetry()" classname="com.example.project.LinearCalculatorTest" time="0.078"/>
  <testcase name="testMidpoint()" classname="com.example.project.LinearCalculatorTest" time="0.056"/>
  <testcase name="testPrintInfo1()" classname="com.example.project.LinearCalculatorTest" time="0.061"/>
  <testcase name="testPrintInfo2()" classname="com.example.project.LinearCalculatorTest" time="0.039"/>
  <system-out><![CDATA[]]></system-out>
  <system-err><![CDATA[]]></system-err>
</testsuite>
